Determining if the pthread_create exist failed with the following output:
Change Dir: /home/nuaa/Downloads/v5s_ws/src/yolov5/build/CMakeFiles/CMakeTmp

Run Build Command:"/usr/bin/make" "cmTC_77502/fast"
/usr/bin/make -f CMakeFiles/cmTC_77502.dir/build.make CMakeFiles/cmTC_77502.dir/build
make[1]: Entering directory '/home/nuaa/Downloads/v5s_ws/src/yolov5/build/CMakeFiles/CMakeTmp'
Building C object CMakeFiles/cmTC_77502.dir/CheckSymbolExists.c.o
/usr/bin/clang    -o CMakeFiles/cmTC_77502.dir/CheckSymbolExists.c.o   -c /home/nuaa/Downloads/v5s_ws/src/yolov5/build/CMakeFiles/CMakeTmp/CheckSymbolExists.c
Linking C executable cmTC_77502
/usr/bin/cmake -E cmake_link_script CMakeFiles/cmTC_77502.dir/link.txt --verbose=1
/usr/bin/clang      -rdynamic CMakeFiles/cmTC_77502.dir/CheckSymbolExists.c.o  -o cmTC_77502 
CMakeFiles/cmTC_77502.dir/CheckSymbolExists.c.o: In function `main':
CheckSymbolExists.c:(.text+0x4): undefined reference to `pthread_create'
CheckSymbolExists.c:(.text+0x8): undefined reference to `pthread_create'
clang: error: linker command failed with exit code 1 (use -v to see invocation)
CMakeFiles/cmTC_77502.dir/build.make:97: recipe for target 'cmTC_77502' failed
make[1]: *** [cmTC_77502] Error 1
make[1]: Leaving directory '/home/nuaa/Downloads/v5s_ws/src/yolov5/build/CMakeFiles/CMakeTmp'
Makefile:126: recipe for target 'cmTC_77502/fast' failed
make: *** [cmTC_77502/fast] Error 2

File /home/nuaa/Downloads/v5s_ws/src/yolov5/build/CMakeFiles/CMakeTmp/CheckSymbolExists.c:
/* */
#include <pthread.h>

int main(int argc, char** argv)
{
  (void)argv;
#ifndef pthread_create
  return ((int*)(&pthread_create))[argc];
#else
  (void)argc;
  return 0;
#endif
}

Determining if the function pthread_create exists in the pthreads failed with the following output:
Change Dir: /home/nuaa/Downloads/v5s_ws/src/yolov5/build/CMakeFiles/CMakeTmp

Run Build Command:"/usr/bin/make" "cmTC_4e63d/fast"
/usr/bin/make -f CMakeFiles/cmTC_4e63d.dir/build.make CMakeFiles/cmTC_4e63d.dir/build
make[1]: Entering directory '/home/nuaa/Downloads/v5s_ws/src/yolov5/build/CMakeFiles/CMakeTmp'
Building C object CMakeFiles/cmTC_4e63d.dir/CheckFunctionExists.c.o
/usr/bin/clang   -DCHECK_FUNCTION_EXISTS=pthread_create   -o CMakeFiles/cmTC_4e63d.dir/CheckFunctionExists.c.o   -c /usr/share/cmake-3.10/Modules/CheckFunctionExists.c
Linking C executable cmTC_4e63d
/usr/bin/cmake -E cmake_link_script CMakeFiles/cmTC_4e63d.dir/link.txt --verbose=1
/usr/bin/clang  -DCHECK_FUNCTION_EXISTS=pthread_create    -rdynamic CMakeFiles/cmTC_4e63d.dir/CheckFunctionExists.c.o  -o cmTC_4e63d -lpthreads 
/usr/bin/ld: cannot find -lpthreads
clang: error: linker command failed with exit code 1 (use -v to see invocation)
CMakeFiles/cmTC_4e63d.dir/build.make:97: recipe for target 'cmTC_4e63d' failed
make[1]: *** [cmTC_4e63d] Error 1
make[1]: Leaving directory '/home/nuaa/Downloads/v5s_ws/src/yolov5/build/CMakeFiles/CMakeTmp'
Makefile:126: recipe for target 'cmTC_4e63d/fast' failed
make: *** [cmTC_4e63d/fast] Error 2


